#
# There is insufficient memory for the Java Runtime Environment to continue.
# Native memory allocation (malloc) failed to allocate 32744 bytes for ChunkPool::allocate
# Possible reasons:
#   The system is out of physical RAM or swap space
#   The process is running with CompressedOops enabled, and the Java Heap may be blocking the growth of the native heap
# Possible solutions:
#   Reduce memory load on the system
#   Increase physical memory or swap space
#   Check if swap backing store is full
#   Decrease Java heap size (-Xmx/-Xms)
#   Decrease number of Java threads
#   Decrease Java thread stack sizes (-Xss)
#   Set larger code cache with -XX:ReservedCodeCacheSize=
#   JVM is running with Unscaled Compressed Oops mode in which the Java heap is
#     placed in the first 4GB address space. The Java Heap base address is the
#     maximum limit for the native heap growth. Please use -XX:HeapBaseMinAddress
#     to set the Java Heap base and to place the Java Heap above 4GB virtual address.
# This output file may be truncated or incomplete.
#
#  Out of Memory Error (allocation.cpp:272), pid=1196, tid=0x000000000000297c
#
# JRE version: OpenJDK Runtime Environment (8.0_242-b01) (build 1.8.0_242-release-1644-b01)
# Java VM: OpenJDK 64-Bit Server VM (25.242-b01 mixed mode windows-amd64 compressed oops)
# Failed to write core dump. Minidumps are not enabled by default on client versions of Windows
#

---------------  T H R E A D  ---------------

Current thread (0x0000000017efc000):  JavaThread "C2 CompilerThread1" daemon [_thread_in_native, id=10620, stack(0x0000000019640000,0x0000000019740000)]

Stack: [0x0000000019640000,0x0000000019740000]
[error occurred during error reporting (printing stack bounds), id 0xc0000005]

Native frames: (J=compiled Java code, j=interpreted, Vv=VM code, C=native code)


Current CompileTask:
C2:  54399 13927 %     4       com.android.tools.r8.B.a.a.f::a @ 66 (6062 bytes)


---------------  P R O C E S S  ---------------

Java Threads: ( => current thread )
  0x000000001dcef000 JavaThread "WorkerExecutor Queue Thread 5" [_thread_in_Java, id=9644, stack(0x0000000027e40000,0x0000000027f40000)]
  0x000000001dced800 JavaThread "Cache worker for Java compile cache (F:\CERC\CERC-MaterialDesign-master\.gradle\6.1.1\javaCompile)" [_thread_blocked, id=24196, stack(0x0000000027740000,0x0000000027840000)]
  0x000000001c241000 JavaThread "Cache worker for Java compile cache (C:\Users\user\.gradle\caches\6.1.1\javaCompile)" [_thread_blocked, id=19260, stack(0x00000000257b0000,0x00000000258b0000)]
  0x000000001c245000 JavaThread "stdout" [_thread_in_native, id=23832, stack(0x0000000027040000,0x0000000027140000)]
  0x000000001c247000 JavaThread "stderr" [_thread_in_native, id=14284, stack(0x0000000026f40000,0x0000000027040000)]
  0x000000001c246800 JavaThread "stdout" [_thread_in_native, id=11076, stack(0x0000000026e40000,0x0000000026f40000)]
  0x000000001c244000 JavaThread "stderr" [_thread_in_native, id=24492, stack(0x0000000026d40000,0x0000000026e40000)]
  0x000000001c245800 JavaThread "stdout" [_thread_in_native, id=22348, stack(0x0000000026c40000,0x0000000026d40000)]
  0x000000001c23c800 JavaThread "stderr" [_thread_in_native, id=13884, stack(0x0000000026b40000,0x0000000026c40000)]
  0x000000001c242800 JavaThread "stdout" [_thread_in_native, id=17700, stack(0x0000000026a40000,0x0000000026b40000)]
  0x000000001c241800 JavaThread "stderr" [_thread_in_native, id=16388, stack(0x0000000026940000,0x0000000026a40000)]
  0x000000001c243000 JavaThread "pool-2-thread-1" [_thread_blocked, id=17492, stack(0x00000000256b0000,0x00000000257b0000)]
  0x000000001c240000 JavaThread "MarlinRenderer Disposer" daemon [_thread_blocked, id=16916, stack(0x00000000253b0000,0x00000000254b0000)]
  0x000000001c238800 JavaThread "Java2D Disposer" daemon [_thread_blocked, id=20768, stack(0x0000000025020000,0x0000000025120000)]
  0x000000001c23f800 JavaThread "WorkerExecutor Queue Thread 4" [_thread_blocked, id=7712, stack(0x0000000024e20000,0x0000000024f20000)]
  0x000000001c23b800 JavaThread "WorkerExecutor Queue Thread 3" [_thread_in_native, id=16528, stack(0x0000000024d20000,0x0000000024e20000)]
  0x000000001c23e000 JavaThread "WorkerExecutor Queue Thread 2" [_thread_in_Java, id=9708, stack(0x0000000024c20000,0x0000000024d20000)]
  0x000000001c23d000 JavaThread "WorkerExecutor Queue" [_thread_in_native, id=25336, stack(0x0000000024b20000,0x0000000024c20000)]
  0x000000001e922000 JavaThread "Cache worker for execution history cache (F:\CERC\CERC-MaterialDesign-master\.gradle\6.1.1\executionHistory)" [_thread_blocked, id=21828, stack(0x00000000245c0000,0x00000000246c0000)]
  0x000000001e924800 JavaThread "Execution worker for ':' Thread 3" [_thread_blocked, id=10564, stack(0x00000000244c0000,0x00000000245c0000)]
  0x000000001e91f800 JavaThread "Execution worker for ':' Thread 2" [_thread_blocked, id=1220, stack(0x00000000243c0000,0x00000000244c0000)]
  0x000000001e923000 JavaThread "Execution worker for ':'" [_thread_blocked, id=20712, stack(0x0000000023c00000,0x0000000023d00000)]
  0x000000001e91f000 JavaThread "Cache worker for file content cache (F:\CERC\CERC-MaterialDesign-master\.gradle\6.1.1\fileContent)" [_thread_blocked, id=24256, stack(0x0000000023b00000,0x0000000023c00000)]
  0x000000001e920800 JavaThread "Cache worker for file content cache (C:\Users\user\.gradle\caches\6.1.1\fileContent)" [_thread_blocked, id=8912, stack(0x0000000023a00000,0x0000000023b00000)]
  0x000000001e917800 JavaThread "Memory manager" [_thread_blocked, id=16108, stack(0x00000000236b0000,0x00000000237b0000)]
  0x000000001e91c800 JavaThread "Cache worker for Build Output Cleanup Cache (F:\CERC\CERC-MaterialDesign-master\.gradle\buildOutputCleanup)" [_thread_blocked, id=11864, stack(0x0000000022840000,0x0000000022940000)]
  0x000000001e919800 JavaThread "Build operations Thread 4" [_thread_blocked, id=16548, stack(0x0000000022bb0000,0x0000000022cb0000)]
  0x000000001e919000 JavaThread "Build operations Thread 3" [_thread_blocked, id=18936, stack(0x0000000022ab0000,0x0000000022bb0000)]
  0x000000001e916000 JavaThread "Build operations Thread 2" [_thread_blocked, id=22708, stack(0x00000000229b0000,0x0000000022ab0000)]
  0x000000001e91b000 JavaThread "Build operations" [_thread_blocked, id=16176, stack(0x0000000022510000,0x0000000022610000)]
  0x0000000017f0b800 JavaThread "Cache worker for execution history cache (C:\Users\user\.gradle\caches\6.1.1\executionHistory)" [_thread_blocked, id=18084, stack(0x00000000207f0000,0x00000000208f0000)]
  0x0000000017f12000 JavaThread "Cache worker for cache directory md-rule (C:\Users\user\.gradle\caches\6.1.1\md-rule)" [_thread_blocked, id=25220, stack(0x00000000206f0000,0x00000000207f0000)]
  0x0000000017f10000 JavaThread "Cache worker for cache directory md-supplier (C:\Users\user\.gradle\caches\6.1.1\md-supplier)" [_thread_blocked, id=25208, stack(0x000000001ff50000,0x0000000020050000)]
  0x0000000017f11800 JavaThread "Cache worker for file hash cache (F:\CERC\CERC-MaterialDesign-master\.gradle\6.1.1\fileHashes)" [_thread_blocked, id=26324, stack(0x000000001fe50000,0x000000001ff50000)]
  0x0000000017f0f000 JavaThread "Cache worker for checksums cache (F:\CERC\CERC-MaterialDesign-master\.gradle\checksums)" [_thread_blocked, id=21736, stack(0x000000001fd50000,0x000000001fe50000)]
  0x0000000017f0e800 JavaThread "Cache worker for file hash cache (C:\Users\user\.gradle\caches\6.1.1\fileHashes)" [_thread_blocked, id=14460, stack(0x000000001ec80000,0x000000001ed80000)]
  0x0000000017f0d000 JavaThread "File lock request listener" [_thread_in_native, id=6368, stack(0x000000001dbb0000,0x000000001dcb0000)]
  0x000000001a4d4000 JavaThread "Cache worker for journal cache (C:\Users\user\.gradle\caches\journal-1)" [_thread_blocked, id=1704, stack(0x000000001dab0000,0x000000001dbb0000)]
  0x000000001bb4f800 JavaThread "Thread-9" [_thread_blocked, id=22752, stack(0x000000001d7b0000,0x000000001d8b0000)]
  0x000000001baa3000 JavaThread "Stdin handler" [_thread_blocked, id=24584, stack(0x000000001d6b0000,0x000000001d7b0000)]
  0x000000001ba6b000 JavaThread "Asynchronous log dispatcher for DefaultDaemonConnection: socket connection from /127.0.0.1:60792 to /127.0.0.1:60793" [_thread_blocked, id=10280, stack(0x000000001d5b0000,0x000000001d6b0000)]
  0x000000001baa5000 JavaThread "Daemon worker" [_thread_blocked, id=14092, stack(0x000000001d4b0000,0x000000001d5b0000)]
  0x000000001baa4800 JavaThread "Cancel handler" [_thread_blocked, id=1172, stack(0x000000001d3b0000,0x000000001d4b0000)]
  0x000000001ba49800 JavaThread "Handler for socket connection from /127.0.0.1:60792 to /127.0.0.1:60793" [_thread_in_native, id=17808, stack(0x000000001d0b0000,0x000000001d1b0000)]
  0x000000001ba35000 JavaThread "Daemon" [_thread_blocked, id=16352, stack(0x000000001cfb0000,0x000000001d0b0000)]
  0x000000001ba20800 JavaThread "Daemon periodic checks" [_thread_blocked, id=8880, stack(0x000000001ceb0000,0x000000001cfb0000)]
  0x000000001ba1e800 JavaThread "Incoming local TCP Connector on port 60792" [_thread_in_native, id=16988, stack(0x0000000019f40000,0x000000001a040000)]
  0x000000001a0dc000 JavaThread "Daemon health stats" [_thread_blocked, id=21392, stack(0x0000000019e40000,0x0000000019f40000)]
  0x0000000019874000 JavaThread "Service Thread" daemon [_thread_blocked, id=23744, stack(0x0000000019c40000,0x0000000019d40000)]
  0x0000000017f10800 JavaThread "C1 CompilerThread2" daemon [_thread_in_native, id=26512, stack(0x0000000019740000,0x0000000019840000)]
=>0x0000000017efc000 JavaThread "C2 CompilerThread1" daemon [_thread_in_native, id=10620, stack(0x0000000019640000,0x0000000019740000)]
  0x0000000017ef5000 JavaThread "C2 CompilerThread0" daemon [_thread_in_native, id=16972, stack(0x0000000019540000,0x0000000019640000)]
  0x0000000017ef3800 JavaThread "Attach Listener" daemon [_thread_blocked, id=22048, stack(0x0000000019440000,0x0000000019540000)]
  0x0000000017ef2800 JavaThread "Signal Dispatcher" daemon [_thread_blocked, id=11120, stack(0x0000000019340000,0x0000000019440000)]
  0x00000000032cb000 JavaThread "Finalizer" daemon [_thread_blocked, id=2976, stack(0x0000000019140000,0x0000000019240000)]
  0x0000000017ed9000 JavaThread "Reference Handler" daemon [_thread_blocked, id=7976, stack(0x0000000019040000,0x0000000019140000)]
  0x000000000319d800 JavaThread "main" [_thread_blocked, id=18012, stack(0x0000000003050000,0x0000000003150000)]

Other Threads:
  0x0000000017eb6000 VMThread [stack: 0x0000000018f40000,0x0000000019040000] [id=328]
  0x000000001987c800 WatcherThread [stack: 0x0000000019d40000,0x0000000019e40000] [id=26048]

VM state:not at safepoint (normal execution)

VM Mutex/Monitor currently owned by a thread: None

heap address: 0x0000000080000000, size: 2048 MB, Compressed Oops mode: 32-bit
Narrow klass base: 0x0000000000000000, Narrow klass shift: 3
Compressed class space size: 1073741824 Address: 0x0000000100000000

Heap:
 PSYoungGen      total 220672K, used 167635K [0x00000000d5580000, 0x00000000e4600000, 0x0000000100000000)
  eden space 198144K, 76% used [0x00000000d5580000,0x00000000de8b4658,0x00000000e1700000)
  from space 22528K, 75% used [0x00000000e3000000,0x00000000e4080610,0x00000000e4600000)
  to   space 24064K, 0% used [0x00000000e1700000,0x00000000e1700000,0x00000000e2e80000)
 ParOldGen       total 337920K, used 135614K [0x0000000080000000, 0x0000000094a00000, 0x00000000d5580000)
  object space 337920K, 40% used [0x0000000080000000,0x000000008846f930,0x0000000094a00000)
 Metaspace       used 85927K, capacity 89808K, committed 90032K, reserved 1126400K
  class space    used 11426K, capacity 12145K, committed 12208K, reserved 1048576K

Card table byte_map: [0x0000000012690000,0x0000000012aa0000] byte_map_base: 0x0000000012290000

Marking Bits: (ParMarkBitMap*) 0x000000007075f030
 Begin Bits: [0x0000000013150000, 0x0000000015150000)
 End Bits:   [0x0000000015150000, 0x0000000017150000)

Polling page: 0x0000000001420000

CodeCache: size=245760Kb used=39082Kb max_used=39082Kb free=206677Kb
 bounds [0x00000000032d0000, 0x0000000005980000, 0x00000000122d0000]
 total_blobs=12793 nmethods=11810 adapters=894
 compilation: enabled

Compilation events (10 events):
Event: 54.322 Thread 0x0000000017f10800 nmethod 14110 0x00000000050be7d0 code [0x00000000050beaa0, 0x00000000050bf5f8]
Event: 54.322 Thread 0x0000000017f10800 14116       2       com.android.tools.r8.ir.regalloc.a::a (108 bytes)
Event: 54.323 Thread 0x0000000017f10800 nmethod 14116 0x0000000004625190 code [0x00000000046253c0, 0x0000000004625ab8]
Event: 54.323 Thread 0x0000000017f10800 14119       2       com.android.tools.r8.ir.optimize.Z::a (425 bytes)
Event: 54.329 Thread 0x0000000017f10800 nmethod 14119 0x00000000045c9fd0 code [0x00000000045ca420, 0x00000000045cbb68]
Event: 54.329 Thread 0x0000000017f10800 14118       2       com.android.tools.r8.u.b.h0::C2 (8 bytes)
Event: 54.329 Thread 0x0000000017f10800 nmethod 14118 0x0000000004624dd0 code [0x0000000004624f40, 0x00000000046250c8]
Event: 54.329 Thread 0x0000000017f10800 14117       2       com.android.tools.r8.ir.optimize.Z::a (44 bytes)
Event: 54.330 Thread 0x0000000017f10800 nmethod 14117 0x0000000003c82310 code [0x0000000003c824c0, 0x0000000003c82868]
Event: 54.330 Thread 0x0000000017f10800 14108 %     3       com.android.tools.r8.ir.regalloc.a::a @ 2115 (3993 bytes)

GC Heap History (10 events):
Event: 30.059 GC heap before
{Heap before GC invocations=22 (full 4):
 PSYoungGen      total 172544K, used 17069K [0x00000000d5580000, 0x00000000e2780000, 0x0000000100000000)
  eden space 151552K, 0% used [0x00000000d5580000,0x00000000d5580000,0x00000000de980000)
  from space 20992K, 81% used [0x00000000e0000000,0x00000000e10ab468,0x00000000e1480000)
  to   space 23040K, 0% used [0x00000000de980000,0x00000000de980000,0x00000000e0000000)
 ParOldGen       total 238080K, used 220738K [0x0000000080000000, 0x000000008e880000, 0x00000000d5580000)
  object space 238080K, 92% used [0x0000000080000000,0x000000008d7908c0,0x000000008e880000)
 Metaspace       used 65593K, capacity 68362K, committed 68656K, reserved 1107968K
  class space    used 8871K, capacity 9438K, committed 9520K, reserved 1048576K
Event: 30.292 GC heap after
Heap after GC invocations=22 (full 4):
 PSYoungGen      total 172544K, used 0K [0x00000000d5580000, 0x00000000e2780000, 0x0000000100000000)
  eden space 151552K, 0% used [0x00000000d5580000,0x00000000d5580000,0x00000000de980000)
  from space 20992K, 0% used [0x00000000e0000000,0x00000000e0000000,0x00000000e1480000)
  to   space 23040K, 0% used [0x00000000de980000,0x00000000de980000,0x00000000e0000000)
 ParOldGen       total 337920K, used 135217K [0x0000000080000000, 0x0000000094a00000, 0x00000000d5580000)
  object space 337920K, 40% used [0x0000000080000000,0x000000008840c518,0x0000000094a00000)
 Metaspace       used 65493K, capacity 68062K, committed 68656K, reserved 1107968K
  class space    used 8839K, capacity 9382K, committed 9520K, reserved 1048576K
}
Event: 32.588 GC heap before
{Heap before GC invocations=23 (full 4):
 PSYoungGen      total 172544K, used 151552K [0x00000000d5580000, 0x00000000e2780000, 0x0000000100000000)
  eden space 151552K, 100% used [0x00000000d5580000,0x00000000de980000,0x00000000de980000)
  from space 20992K, 0% used [0x00000000e0000000,0x00000000e0000000,0x00000000e1480000)
  to   space 23040K, 0% used [0x00000000de980000,0x00000000de980000,0x00000000e0000000)
 ParOldGen       total 337920K, used 135590K [0x0000000080000000, 0x0000000094a00000, 0x00000000d5580000)
  object space 337920K, 40% used [0x0000000080000000,0x0000000088469930,0x0000000094a00000)
 Metaspace       used 65533K, capacity 68068K, committed 68656K, reserved 1107968K
  class space    used 8840K, capacity 9383K, committed 9520K, reserved 1048576K
Event: 32.593 GC heap after
Heap after GC invocations=23 (full 4):
 PSYoungGen      total 174592K, used 1216K [0x00000000d5580000, 0x00000000e3180000, 0x0000000100000000)
  eden space 151552K, 0% used [0x00000000d5580000,0x00000000d5580000,0x00000000de980000)
  from space 23040K, 5% used [0x00000000de980000,0x00000000deab0000,0x00000000e0000000)
  to   space 23040K, 0% used [0x00000000e1b00000,0x00000000e1b00000,0x00000000e3180000)
 ParOldGen       total 337920K, used 135598K [0x0000000080000000, 0x0000000094a00000, 0x00000000d5580000)
  object space 337920K, 40% used [0x0000000080000000,0x000000008846b930,0x0000000094a00000)
 Metaspace       used 65533K, capacity 68068K, committed 68656K, reserved 1107968K
  class space    used 8840K, capacity 9383K, committed 9520K, reserved 1048576K
}
Event: 40.932 GC heap before
{Heap before GC invocations=24 (full 4):
 PSYoungGen      total 174592K, used 152768K [0x00000000d5580000, 0x00000000e3180000, 0x0000000100000000)
  eden space 151552K, 100% used [0x00000000d5580000,0x00000000de980000,0x00000000de980000)
  from space 23040K, 5% used [0x00000000de980000,0x00000000deab0000,0x00000000e0000000)
  to   space 23040K, 0% used [0x00000000e1b00000,0x00000000e1b00000,0x00000000e3180000)
 ParOldGen       total 337920K, used 135598K [0x0000000080000000, 0x0000000094a00000, 0x00000000d5580000)
  object space 337920K, 40% used [0x0000000080000000,0x000000008846b930,0x0000000094a00000)
 Metaspace       used 70115K, capacity 72844K, committed 73008K, reserved 1112064K
  class space    used 9387K, capacity 9971K, committed 10032K, reserved 1048576K
Event: 40.954 GC heap after
Heap after GC invocations=24 (full 4):
 PSYoungGen      total 195072K, used 12893K [0x00000000d5580000, 0x00000000e2e00000, 0x0000000100000000)
  eden space 175616K, 0% used [0x00000000d5580000,0x00000000d5580000,0x00000000e0100000)
  from space 19456K, 66% used [0x00000000e1b00000,0x00000000e27976d0,0x00000000e2e00000)
  to   space 23040K, 0% used [0x00000000e0100000,0x00000000e0100000,0x00000000e1780000)
 ParOldGen       total 337920K, used 135598K [0x0000000080000000, 0x0000000094a00000, 0x00000000d5580000)
  object space 337920K, 40% used [0x0000000080000000,0x000000008846b930,0x0000000094a00000)
 Metaspace       used 70115K, capacity 72844K, committed 73008K, reserved 1112064K
  class space    used 9387K, capacity 9971K, committed 10032K, reserved 1048576K
}
Event: 43.304 GC heap before
{Heap before GC invocations=25 (full 4):
 PSYoungGen      total 195072K, used 188509K [0x00000000d5580000, 0x00000000e2e00000, 0x0000000100000000)
  eden space 175616K, 100% used [0x00000000d5580000,0x00000000e0100000,0x00000000e0100000)
  from space 19456K, 66% used [0x00000000e1b00000,0x00000000e27976d0,0x00000000e2e00000)
  to   space 23040K, 0% used [0x00000000e0100000,0x00000000e0100000,0x00000000e1780000)
 ParOldGen       total 337920K, used 135598K [0x0000000080000000, 0x0000000094a00000, 0x00000000d5580000)
  object space 337920K, 40% used [0x0000000080000000,0x000000008846b930,0x0000000094a00000)
 Metaspace       used 70972K, capacity 73718K, committed 73904K, reserved 1114112K
  class space    used 9453K, capacity 10068K, committed 10160K, reserved 1048576K
Event: 43.328 GC heap after
Heap after GC invocations=25 (full 4):
 PSYoungGen      total 198656K, used 6497K [0x00000000d5580000, 0x00000000e4600000, 0x0000000100000000)
  eden space 175616K, 0% used [0x00000000d5580000,0x00000000d5580000,0x00000000e0100000)
  from space 23040K, 28% used [0x00000000e0100000,0x00000000e0758748,0x00000000e1780000)
  to   space 22528K, 0% used [0x00000000e3000000,0x00000000e3000000,0x00000000e4600000)
 ParOldGen       total 337920K, used 135606K [0x0000000080000000, 0x0000000094a00000, 0x00000000d5580000)
  object space 337920K, 40% used [0x0000000080000000,0x000000008846d930,0x0000000094a00000)
 Metaspace       used 70972K, capacity 73718K, committed 73904K, reserved 1114112K
  class space    used 9453K, capacity 10068K, committed 10160K, reserved 1048576K
}
Event: 50.329 GC heap before
{Heap before GC invocations=26 (full 4):
 PSYoungGen      total 198656K, used 182113K [0x00000000d5580000, 0x00000000e4600000, 0x0000000100000000)
  eden space 175616K, 100% used [0x00000000d5580000,0x00000000e0100000,0x00000000e0100000)
  from space 23040K, 28% used [0x00000000e0100000,0x00000000e0758748,0x00000000e1780000)
  to   space 22528K, 0% used [0x00000000e3000000,0x00000000e3000000,0x00000000e4600000)
 ParOldGen       total 337920K, used 135606K [0x0000000080000000, 0x0000000094a00000, 0x00000000d5580000)
  object space 337920K, 40% used [0x0000000080000000,0x000000008846d930,0x0000000094a00000)
 Metaspace       used 77940K, capacity 80914K, committed 81072K, reserved 1120256K
  class space    used 10294K, capacity 10894K, committed 10928K, reserved 1048576K
Event: 50.371 GC heap after
Heap after GC invocations=26 (full 4):
 PSYoungGen      total 220672K, used 16897K [0x00000000d5580000, 0x00000000e4600000, 0x0000000100000000)
  eden space 198144K, 0% used [0x00000000d5580000,0x00000000d5580000,0x00000000e1700000)
  from space 22528K, 75% used [0x00000000e3000000,0x00000000e4080610,0x00000000e4600000)
  to   space 24064K, 0% used [0x00000000e1700000,0x00000000e1700000,0x00000000e2e80000)
 ParOldGen       total 337920K, used 135614K [0x0000000080000000, 0x0000000094a00000, 0x00000000d5580000)
  object space 337920K, 40% used [0x0000000080000000,0x000000008846f930,0x0000000094a00000)
 Metaspace       used 77940K, capacity 80914K, committed 81072K, reserved 1120256K
  class space    used 10294K, capacity 10894K, committed 10928K, reserved 1048576K
}

Deoptimization events (10 events):
Event: 53.790 Thread 0x000000001c23b800 Uncommon trap: reason=class_check action=maybe_recompile pc=0x0000000003851c54 method=com.android.tools.r8.ir.conversion.N.a(Lcom/android/tools/r8/u/b/m1;Lcom/android/tools/r8/u/b/p1;)V @ 29
Event: 53.791 Thread 0x000000001c23b800 Uncommon trap: reason=unstable_if action=reinterpret pc=0x0000000005796fc4 method=com.android.tools.r8.ir.conversion.o.h(I)Lcom/android/tools/r8/ir/conversion/m; @ 14
Event: 53.792 Thread 0x000000001c23b800 Uncommon trap: reason=class_check action=maybe_recompile pc=0x0000000003470e60 method=com.android.tools.r8.ir.conversion.N.c(Lcom/android/tools/r8/u/b/h0;)V @ 146
Event: 53.830 Thread 0x000000001c23b800 Uncommon trap: reason=bimorphic action=maybe_recompile pc=0x0000000003d67984 method=java.util.Collections$UnmodifiableCollection.contains(Ljava/lang/Object;)Z @ 5
Event: 53.832 Thread 0x000000001c23b800 Uncommon trap: reason=bimorphic action=maybe_recompile pc=0x0000000003d67984 method=java.util.Collections$UnmodifiableCollection.contains(Ljava/lang/Object;)Z @ 5
Event: 53.833 Thread 0x000000001c23b800 Uncommon trap: reason=bimorphic action=maybe_recompile pc=0x0000000003d67984 method=java.util.Collections$UnmodifiableCollection.contains(Ljava/lang/Object;)Z @ 5
Event: 53.868 Thread 0x000000001c23b800 Uncommon trap: reason=unstable_if action=reinterpret pc=0x000000000574f750 method=com.android.tools.r8.graph.B0.a(Ljava/lang/Object;)V @ 127
Event: 54.225 Thread 0x000000001c23b800 Uncommon trap: reason=array_check action=maybe_recompile pc=0x000000000579a804 method=java.util.TimSort.binarySort([Ljava/lang/Object;IIILjava/util/Comparator;)V @ 183
Event: 54.225 Thread 0x000000001c23b800 Uncommon trap: reason=array_check action=maybe_recompile pc=0x000000000579a604 method=java.util.TimSort.binarySort([Ljava/lang/Object;IIILjava/util/Comparator;)V @ 215
Event: 54.225 Thread 0x000000001c23b800 Uncommon trap: reason=array_check action=maybe_recompile pc=0x000000000547cf54 method=java.util.TimSort.binarySort([Ljava/lang/Object;IIILjava/util/Comparator;)V @ 183

Classes redefined (0 events):
No events

Internal exceptions (10 events):
Event: 54.271 Thread 0x000000001c23d000 Exception <a 'sun/nio/fs/WindowsException'> (0x00000000de4435f0) thrown at [C:\src\AOSP-openjdk-git\hotspot\src\share\vm\prims\jni.cpp, line 710]
Event: 54.272 Thread 0x000000001c23d000 Exception <a 'sun/nio/fs/WindowsException'> (0x00000000de4443f8) thrown at [C:\src\AOSP-openjdk-git\hotspot\src\share\vm\prims\jni.cpp, line 710]
Event: 54.272 Thread 0x000000001c23d000 Exception <a 'sun/nio/fs/WindowsException'> (0x00000000de444918) thrown at [C:\src\AOSP-openjdk-git\hotspot\src\share\vm\prims\jni.cpp, line 710]
Event: 54.272 Thread 0x000000001c23d000 Exception <a 'sun/nio/fs/WindowsException'> (0x00000000de445700) thrown at [C:\src\AOSP-openjdk-git\hotspot\src\share\vm\prims\jni.cpp, line 710]
Event: 54.272 Thread 0x000000001c23d000 Exception <a 'sun/nio/fs/WindowsException'> (0x00000000de445c10) thrown at [C:\src\AOSP-openjdk-git\hotspot\src\share\vm\prims\jni.cpp, line 710]
Event: 54.272 Thread 0x000000001c23d000 Exception <a 'sun/nio/fs/WindowsException'> (0x00000000de4469e8) thrown at [C:\src\AOSP-openjdk-git\hotspot\src\share\vm\prims\jni.cpp, line 710]
Event: 54.329 Thread 0x000000001c23b800 Exception <a 'sun/nio/fs/WindowsException'> (0x00000000de47a190) thrown at [C:\src\AOSP-openjdk-git\hotspot\src\share\vm\prims\jni.cpp, line 710]
Event: 54.329 Thread 0x000000001c23b800 Exception <a 'sun/nio/fs/WindowsException'> (0x00000000de47abf0) thrown at [C:\src\AOSP-openjdk-git\hotspot\src\share\vm\prims\jni.cpp, line 710]
Event: 54.330 Thread 0x000000001c23b800 Exception <a 'sun/nio/fs/WindowsException'> (0x00000000de47b138) thrown at [C:\src\AOSP-openjdk-git\hotspot\src\share\vm\prims\jni.cpp, line 710]
Event: 54.330 Thread 0x000000001c23b800 Exception <a 'sun/nio/fs/WindowsException'> (0x00000000de47bf40) thrown at [C:\src\AOSP-openjdk-git\hotspot\src\share\vm\prims\jni.cpp, line 710]

Events (10 events):
Event: 54.307 Executing VM operation: Deoptimize
Event: 54.309 Executing VM operation: Deoptimize done
Event: 54.319 loading class com/android/tools/r8/ir/regalloc/f
Event: 54.319 loading class com/android/tools/r8/ir/regalloc/f done
Event: 54.321 Thread 0x000000001c23e000 DEOPT PACKING pc=0x00000000058a2e3c sp=0x0000000024d1cf80
Event: 54.321 Thread 0x000000001c23e000 DEOPT UNPACKING pc=0x00000000033175d0 sp=0x0000000024d1cff8 mode 0
Event: 54.321 Thread 0x000000001c23e000 DEOPT PACKING pc=0x00000000058a2ffc sp=0x0000000024d1d370
Event: 54.321 Thread 0x000000001c23e000 DEOPT UNPACKING pc=0x00000000033175d0 sp=0x0000000024d1d3e8 mode 0
Event: 54.341 Thread 0x000000001dcef000 DEOPT PACKING pc=0x00000000055cbecc sp=0x0000000027f3d310
Event: 54.341 Thread 0x000000001dcef000 DEOPT UNPACKING pc=0x00000000033175d0 sp=0x0000000027f3d078 mode 0


Dynamic libraries:
0x00007ff66ccc0000 - 0x00007ff66ccf1000 	C:\Program Files\Android\Android Studio\jre\bin\java.exe
0x00007ff9af8e0000 - 0x00007ff9afad0000 	C:\Windows\SYSTEM32\ntdll.dll
0x00007ff9aed60000 - 0x00007ff9aee12000 	C:\Windows\System32\KERNEL32.DLL
0x00007ff9ad280000 - 0x00007ff9ad525000 	C:\Windows\System32\KERNELBASE.dll
0x00007ff9ad990000 - 0x00007ff9ada33000 	C:\Windows\System32\ADVAPI32.dll
0x00007ff9aee20000 - 0x00007ff9aeebe000 	C:\Windows\System32\msvcrt.dll
0x00007ff9af640000 - 0x00007ff9af6d7000 	C:\Windows\System32\sechost.dll
0x00007ff9af6e0000 - 0x00007ff9af800000 	C:\Windows\System32\RPCRT4.dll
0x00007ff9aebc0000 - 0x00007ff9aed55000 	C:\Windows\System32\USER32.dll
0x00007ff9ac870000 - 0x00007ff9ac891000 	C:\Windows\System32\win32u.dll
0x00007ff9af2b0000 - 0x00007ff9af2d6000 	C:\Windows\System32\GDI32.dll
0x00007ff9ad7f0000 - 0x00007ff9ad986000 	C:\Windows\System32\gdi32full.dll
0x00007ff9ad680000 - 0x00007ff9ad71e000 	C:\Windows\System32\msvcp_win.dll
0x00007ff9aca00000 - 0x00007ff9acafa000 	C:\Windows\System32\ucrtbase.dll
0x00007ff99b5b0000 - 0x00007ff99b834000 	C:\Windows\WinSxS\amd64_microsoft.windows.common-controls_6595b64144ccf1df_6.0.18362.1082_none_9e8193e1e45b25c1\COMCTL32.dll
0x00007ff9adb70000 - 0x00007ff9adea5000 	C:\Windows\System32\combase.dll
0x00007ff9ad770000 - 0x00007ff9ad7f0000 	C:\Windows\System32\bcryptPrimitives.dll
0x00007ff9af870000 - 0x00007ff9af89e000 	C:\Windows\System32\IMM32.DLL
0x0000000070af0000 - 0x0000000070bc2000 	C:\Program Files\Android\Android Studio\jre\jre\bin\msvcr100.dll
0x000000006ff90000 - 0x00000000707db000 	C:\Program Files\Android\Android Studio\jre\jre\bin\server\jvm.dll
0x00007ff9ae460000 - 0x00007ff9ae468000 	C:\Windows\System32\PSAPI.DLL
0x00007ff98f630000 - 0x00007ff98f639000 	C:\Windows\SYSTEM32\WSOCK32.dll
0x00007ff9af0a0000 - 0x00007ff9af10f000 	C:\Windows\System32\WS2_32.dll
0x00007ff9a8520000 - 0x00007ff9a8544000 	C:\Windows\SYSTEM32\WINMM.dll
0x00007ff9a5ee0000 - 0x00007ff9a5eea000 	C:\Windows\SYSTEM32\VERSION.dll
0x00007ff9a84f0000 - 0x00007ff9a851d000 	C:\Windows\SYSTEM32\WINMMBASE.dll
0x00007ff9ad720000 - 0x00007ff9ad76a000 	C:\Windows\System32\cfgmgr32.dll
0x00007ff9a7ca0000 - 0x00007ff9a7caf000 	C:\Program Files\Android\Android Studio\jre\jre\bin\verify.dll
0x00007ff9a7c20000 - 0x00007ff9a7c49000 	C:\Program Files\Android\Android Studio\jre\jre\bin\java.dll
0x00007ff9a4b60000 - 0x00007ff9a4b76000 	C:\Program Files\Android\Android Studio\jre\jre\bin\zip.dll
0x00007ff9ae470000 - 0x00007ff9aeb57000 	C:\Windows\System32\SHELL32.dll
0x00007ff9ae3b0000 - 0x00007ff9ae459000 	C:\Windows\System32\shcore.dll
0x00007ff9acb00000 - 0x00007ff9ad280000 	C:\Windows\System32\windows.storage.dll
0x00007ff9ac7f0000 - 0x00007ff9ac813000 	C:\Windows\System32\profapi.dll
0x00007ff9ac820000 - 0x00007ff9ac86a000 	C:\Windows\System32\powrprof.dll
0x00007ff9ac7a0000 - 0x00007ff9ac7b0000 	C:\Windows\System32\UMPDC.dll
0x00007ff9af250000 - 0x00007ff9af2a2000 	C:\Windows\System32\shlwapi.dll
0x00007ff9ac7b0000 - 0x00007ff9ac7c1000 	C:\Windows\System32\kernel.appcore.dll
0x00007ff9ac9e0000 - 0x00007ff9ac9f7000 	C:\Windows\System32\cryptsp.dll
0x00007ff99f010000 - 0x00007ff99f02a000 	C:\Program Files\Android\Android Studio\jre\jre\bin\net.dll
0x00007ff9abff0000 - 0x00007ff9ac057000 	C:\Windows\system32\mswsock.dll
0x00007ff99eff0000 - 0x00007ff99f003000 	C:\Program Files\Android\Android Studio\jre\jre\bin\nio.dll
0x00007ff98d9f0000 - 0x00007ff98da16000 	C:\Users\user\.gradle\native\31\windows-amd64\native-platform.dll
0x00007ff9a7c90000 - 0x00007ff9a7c9d000 	C:\Program Files\Android\Android Studio\jre\jre\bin\management.dll
0x00007ff9abb60000 - 0x00007ff9abb93000 	C:\Windows\system32\rsaenh.dll
0x00007ff9ac9b0000 - 0x00007ff9ac9d6000 	C:\Windows\System32\bcrypt.dll
0x00007ff9ac680000 - 0x00007ff9ac6a5000 	C:\Windows\SYSTEM32\USERENV.dll
0x00007ff9ac1c0000 - 0x00007ff9ac1cc000 	C:\Windows\SYSTEM32\CRYPTBASE.dll
0x00007ff9abd00000 - 0x00007ff9abd3a000 	C:\Windows\SYSTEM32\IPHLPAPI.DLL
0x00007ff9adeb0000 - 0x00007ff9adeb8000 	C:\Windows\System32\NSI.dll
0x00007ff9a28a0000 - 0x00007ff9a28b6000 	C:\Windows\SYSTEM32\dhcpcsvc6.DLL
0x00007ff9a29a0000 - 0x00007ff9a29bc000 	C:\Windows\SYSTEM32\dhcpcsvc.DLL
0x00007ff9abd50000 - 0x00007ff9abe1b000 	C:\Windows\SYSTEM32\DNSAPI.dll
0x00007ff9674b0000 - 0x00007ff96764c000 	C:\Program Files\Android\Android Studio\jre\jre\bin\awt.dll
0x00007ff9af4c0000 - 0x00007ff9af585000 	C:\Windows\System32\OLEAUT32.dll
0x00007ff9aa7d0000 - 0x00007ff9aa7fd000 	C:\Windows\SYSTEM32\dwmapi.dll
0x00007ff9a8550000 - 0x00007ff9a8b10000 	C:\Windows\SYSTEM32\d2d1.dll
0x00007ff9a9f70000 - 0x00007ff9a9fff000 	C:\Windows\SYSTEM32\apphelp.dll
0x00007ff9aa5c0000 - 0x00007ff9aa659000 	C:\Windows\system32\uxtheme.dll

VM Arguments:
jvm_args: -Xmx2048m -Dfile.encoding=windows-1252 -Duser.country=US -Duser.language=en -Duser.variant 
java_command: org.gradle.launcher.daemon.bootstrap.GradleDaemon 6.1.1
java_class_path (initial): C:\Users\user\.gradle\wrapper\dists\gradle-6.1.1-all\cfmwm155h49vnt3hynmlrsdst\gradle-6.1.1\lib\gradle-launcher-6.1.1.jar
Launcher Type: SUN_STANDARD

Environment Variables:
PATH=C:\Program Files (x86)\Common Files\Oracle\Java\javapath;C:\Windows\system32;C:\Windows;C:\Windows\System32\Wbem;C:\Windows\System32\WindowsPowerShell\v1.0\;C:\Windows\System32\OpenSSH\;C:\Program Files\Git\cmd;C:\Go\bin;C:\Users\user\AppData\Local\Microsoft\WindowsApps;C:\Users\user\go\bin;C:\Users\user\AppData\Local\Programs\Microsoft VS Code\bin
USERNAME=user
OS=Windows_NT
PROCESSOR_IDENTIFIER=Intel64 Family 6 Model 78 Stepping 3, GenuineIntel



---------------  S Y S T E M  ---------------

OS: Windows 10.0 , 64 bit Build 18362 (10.0.18362.1082)

CPU:total 4 (initial active 4) (2 cores per cpu, 2 threads per core) family 6 model 78 stepping 3, cmov, cx8, fxsr, mmx, sse, sse2, sse3, ssse3, sse4.1, sse4.2, popcnt, avx, avx2, aes, clmul, erms, 3dnowpref, lzcnt, ht, tsc, tscinvbit, bmi1, bmi2, adx

Memory: 4k page, physical 8272012k(404396k free), swap 22841864k(4116k free)

vm_info: OpenJDK 64-Bit Server VM (25.242-b01) for windows-amd64 JRE (1.8.0_242-release-1644-b01), built by "builder" with MS VC++ 10.0 (VS2010)

time: Wed Oct 07 22:41:41 2020
timezone: SE Asia Standard Time
elapsed time: 54 seconds (0d 0h 0m 54s)

